07/04/2023, 14:46:12----------------open the url
07/04/2023, 14:46:13----------------verified the title
07/04/2023, 14:46:13----------------Clicked on Element item in homepage
07/04/2023, 14:46:14----------------Click on TextBox link on Element page
07/04/2023, 14:46:14----------------Enter Full name
07/04/2023, 14:46:14----------------Enter Email
07/04/2023, 14:46:14----------------Enter Curret Address
17/04/2023, 16:07:54----------------open the url
17/04/2023, 16:07:55----------------verified the title
17/04/2023, 16:07:55----------------Clicked on Element item in homepage
17/04/2023, 16:07:55----------------Click on TextBox link on Element page
17/04/2023, 16:07:55----------------Enter Full name
17/04/2023, 16:07:55----------------Enter Email
17/04/2023, 16:07:55----------------Enter Curret Address
20/4/2023, 2:41:50 pm----------------open the url
20/4/2023, 2:41:51 pm----------------open the url
20/4/2023, 2:41:51 pm----------------verified the title
20/4/2023, 2:41:52 pm----------------verified the title
20/4/2023, 2:41:54 pm----------------Click on TextBox link on Element page
20/4/2023, 2:41:54 pm----------------Enter Full name
20/4/2023, 2:41:52 pm----------------open the url
20/4/2023, 2:41:52 pm----------------verified the title
20/4/2023, 2:41:53 pm----------------Clicked on Element item in homepage
20/4/2023, 2:41:54 pm----------------open the url
20/4/2023, 2:41:54 pm----------------Enter Email
20/4/2023, 2:41:54 pm----------------Enter Curret Address
20/4/2023, 2:41:55 pm----------------open the url
20/4/2023, 2:41:57 pm----------------Clicked on Element item in homepage
20/4/2023, 2:41:58 pm----------------Clicked on Element item in homepage
20/4/2023, 2:41:59 pm----------------Click on TextBox link on Element page
20/4/2023, 2:42:00 pm----------------verified the title
20/4/2023, 2:42:00 pm----------------verified the title
20/4/2023, 2:42:00 pm----------------Click on TextBox link on Element page
20/4/2023, 2:42:00 pm----------------Enter Full name
20/4/2023, 2:42:01 pm----------------Enter Full name
20/4/2023, 2:42:01 pm----------------Enter Email
20/4/2023, 2:42:01 pm----------------Enter Email
20/4/2023, 2:42:11 pm----------------Clicked on Element item in homepage
20/4/2023, 2:42:12 pm----------------Click on TextBox link on Element page
20/4/2023, 2:42:11 pm----------------Enter Curret Address
20/4/2023, 2:42:11 pm----------------Enter Curret Address
20/4/2023, 2:42:13 pm----------------Enter Full name
20/4/2023, 2:42:14 pm----------------Enter Email
20/4/2023, 2:42:14 pm----------------Click on TextBox link on Element page
20/4/2023, 2:42:12 pm----------------Clicked on Element item in homepage
20/4/2023, 2:42:15 pm----------------Enter Full name
20/4/2023, 2:42:14 pm----------------Enter Curret Address
20/4/2023, 2:42:15 pm----------------Enter Email
20/4/2023, 2:42:16 pm----------------Enter Curret Address
20/4/2023, 2:44:00 pm----------------open the url
20/4/2023, 2:44:03 pm----------------open the url
20/4/2023, 2:44:04 pm----------------verified the title
20/4/2023, 2:44:05 pm----------------verified the title
20/4/2023, 2:44:06 pm----------------open the url
20/4/2023, 2:44:07 pm----------------verified the title
20/4/2023, 2:44:10 pm----------------open the url
20/4/2023, 2:44:10 pm----------------verified the title
20/4/2023, 2:44:12 pm----------------Clicked on Element item in homepage
20/4/2023, 2:44:13 pm----------------Clicked on Element item in homepage
20/4/2023, 2:44:13 pm----------------Click on TextBox link on Element page
20/4/2023, 2:44:14 pm----------------Clicked on Element item in homepage
20/4/2023, 2:44:15 pm----------------Enter Full name
20/4/2023, 2:44:16 pm----------------open the url
20/4/2023, 2:44:16 pm----------------Clicked on Element item in homepage
20/4/2023, 2:44:16 pm----------------verified the title
20/4/2023, 2:44:17 pm----------------Click on TextBox link on Element page
20/4/2023, 2:44:17 pm----------------Enter Full name
20/4/2023, 2:44:17 pm----------------Enter Email
20/4/2023, 2:44:17 pm----------------Click on TextBox link on Element page
20/4/2023, 2:44:18 pm----------------Enter Full name
20/4/2023, 2:44:18 pm----------------Enter Email
20/4/2023, 2:44:18 pm----------------Enter Curret Address
20/4/2023, 2:44:18 pm----------------Enter Email
20/4/2023, 2:44:19 pm----------------Enter Curret Address
20/4/2023, 2:44:19 pm----------------Enter Curret Address
20/4/2023, 2:44:20 pm----------------Click on TextBox link on Element page
20/4/2023, 2:44:21 pm----------------Enter Full name
20/4/2023, 2:44:21 pm----------------Enter Email
20/4/2023, 2:44:22 pm----------------Enter Curret Address
20/4/2023, 2:44:26 pm----------------Clicked on Element item in homepage
20/4/2023, 2:44:28 pm----------------Click on TextBox link on Element page
20/4/2023, 2:44:29 pm----------------Enter Full name
20/4/2023, 2:44:30 pm----------------Enter Email
20/4/2023, 2:44:31 pm----------------Enter Curret Address
20/4/2023, 2:47:12 pm----------------open the url
20/4/2023, 2:47:12 pm----------------open the url
20/4/2023, 2:47:12 pm----------------open the url
20/4/2023, 2:47:12 pm----------------open the url
20/4/2023, 2:47:13 pm----------------open the url
20/4/2023, 2:47:13 pm----------------verified the title
20/4/2023, 2:47:13 pm----------------verified the title
20/4/2023, 2:47:13 pm----------------verified the title
20/4/2023, 2:47:13 pm----------------verified the title
20/4/2023, 2:47:13 pm----------------verified the title
20/4/2023, 2:47:14 pm----------------Clicked on Element item in homepage
20/4/2023, 2:47:15 pm----------------Clicked on Element item in homepage
20/4/2023, 2:47:15 pm----------------Clicked on Element item in homepage
20/4/2023, 2:47:16 pm----------------Clicked on Element item in homepage
20/4/2023, 2:47:16 pm----------------Clicked on Element item in homepage
20/4/2023, 2:47:16 pm----------------Click on TextBox link on Element page
20/4/2023, 2:47:16 pm----------------Click on TextBox link on Element page
20/4/2023, 2:47:16 pm----------------Enter Full name
20/4/2023, 2:47:16 pm----------------Click on TextBox link on Element page
20/4/2023, 2:47:16 pm----------------Click on TextBox link on Element page
20/4/2023, 2:47:16 pm----------------Enter Full name
20/4/2023, 2:47:16 pm----------------Enter Full name
20/4/2023, 2:47:17 pm----------------Click on TextBox link on Element page
20/4/2023, 2:47:17 pm----------------Enter Email
20/4/2023, 2:47:17 pm----------------Enter Email
20/4/2023, 2:47:17 pm----------------Enter Full name
20/4/2023, 2:47:17 pm----------------Enter Email
20/4/2023, 2:47:17 pm----------------Enter Curret Address
20/4/2023, 2:47:17 pm----------------Enter Email
20/4/2023, 2:47:17 pm----------------Enter Full name
20/4/2023, 2:47:17 pm----------------Enter Curret Address
20/4/2023, 2:47:17 pm----------------Enter Curret Address
20/4/2023, 2:47:17 pm----------------Enter Curret Address
20/4/2023, 2:47:17 pm----------------Enter Email
20/4/2023, 2:47:18 pm----------------Enter Curret Address
20/4/2023, 8:39:41 pm----------------open the url
20/4/2023, 8:39:42 pm----------------open the url
20/4/2023, 8:39:44 pm----------------verified the title
20/4/2023, 8:39:46 pm----------------verified the title
20/4/2023, 8:39:52 pm----------------open the url
20/4/2023, 8:39:53 pm----------------open the url
20/4/2023, 8:39:53 pm----------------verified the title
20/4/2023, 8:39:54 pm----------------verified the title
20/4/2023, 8:39:55 pm----------------open the url
20/4/2023, 8:39:55 pm----------------verified the title
20/4/2023, 8:39:56 pm----------------Clicked on Element item in homepage
20/4/2023, 8:39:57 pm----------------Clicked on Element item in homepage
20/4/2023, 8:39:58 pm----------------Click on TextBox link on Element page
20/4/2023, 8:39:59 pm----------------Enter Full name
20/4/2023, 8:40:01 pm----------------Enter Email
20/4/2023, 8:40:01 pm----------------Clicked on Element item in homepage
20/4/2023, 8:40:01 pm----------------Clicked on Element item in homepage
20/4/2023, 8:40:02 pm----------------Enter Curret Address
20/4/2023, 8:40:03 pm----------------Click on TextBox link on Element page
20/4/2023, 8:40:03 pm----------------Click on TextBox link on Element page
20/4/2023, 8:40:03 pm----------------Enter Full name
20/4/2023, 8:40:03 pm----------------Enter Email
20/4/2023, 8:40:04 pm----------------Enter Full name
20/4/2023, 8:40:04 pm----------------Enter Curret Address
20/4/2023, 8:40:05 pm----------------Enter Email
20/4/2023, 8:40:05 pm----------------Enter Curret Address
20/4/2023, 8:40:11 pm----------------Click on TextBox link on Element page
20/4/2023, 8:40:12 pm----------------Enter Full name
20/4/2023, 8:40:13 pm----------------Enter Email
20/4/2023, 8:40:13 pm----------------Clicked on Element item in homepage
20/4/2023, 8:40:15 pm----------------Enter Curret Address
20/4/2023, 8:40:15 pm----------------Click on TextBox link on Element page
20/4/2023, 8:40:16 pm----------------Enter Full name
20/4/2023, 8:40:17 pm----------------Enter Email
20/4/2023, 8:40:18 pm----------------Enter Curret Address
20/4/2023, 8:41:28 pm----------------open the url
20/4/2023, 8:41:29 pm----------------open the url
20/4/2023, 8:41:31 pm----------------verified the title
20/4/2023, 8:41:31 pm----------------verified the title
20/4/2023, 8:41:33 pm----------------open the url
20/4/2023, 8:41:35 pm----------------verified the title
20/4/2023, 8:41:37 pm----------------open the url
20/4/2023, 8:41:38 pm----------------open the url
20/4/2023, 8:41:38 pm----------------verified the title
20/4/2023, 8:41:39 pm----------------verified the title
20/4/2023, 8:41:39 pm----------------Clicked on Element item in homepage
20/4/2023, 8:41:40 pm----------------Click on TextBox link on Element page
20/4/2023, 8:41:42 pm----------------Clicked on Element item in homepage
20/4/2023, 8:41:42 pm----------------Enter Full name
20/4/2023, 8:41:43 pm----------------Clicked on Element item in homepage
20/4/2023, 8:41:43 pm----------------Enter Email
20/4/2023, 8:41:43 pm----------------Click on TextBox link on Element page
20/4/2023, 8:41:45 pm----------------Enter Curret Address
20/4/2023, 8:41:45 pm----------------Clicked on Element item in homepage
20/4/2023, 8:41:45 pm----------------Enter Full name
20/4/2023, 8:41:46 pm----------------Click on TextBox link on Element page
20/4/2023, 8:41:46 pm----------------Clicked on Element item in homepage
20/4/2023, 8:41:47 pm----------------Enter Full name
20/4/2023, 8:41:47 pm----------------Enter Email
20/4/2023, 8:41:47 pm----------------Click on TextBox link on Element page
20/4/2023, 8:41:47 pm----------------Enter Curret Address
20/4/2023, 8:41:47 pm----------------Click on TextBox link on Element page
20/4/2023, 8:41:47 pm----------------Enter Email
20/4/2023, 8:41:48 pm----------------Enter Full name
20/4/2023, 8:41:48 pm----------------Enter Full name
20/4/2023, 8:41:48 pm----------------Enter Curret Address
20/4/2023, 8:41:48 pm----------------Enter Email
20/4/2023, 8:41:48 pm----------------Enter Email
20/4/2023, 8:41:48 pm----------------Enter Curret Address
20/4/2023, 8:41:49 pm----------------Enter Curret Address
20/4/2023, 8:43:33 pm----------------open the url
20/4/2023, 8:43:35 pm----------------open the url
20/4/2023, 8:43:36 pm----------------verified the title
20/4/2023, 8:43:36 pm----------------verified the title
20/4/2023, 8:43:43 pm----------------open the url
20/4/2023, 8:43:44 pm----------------verified the title
20/4/2023, 8:43:48 pm----------------open the url
20/4/2023, 8:43:49 pm----------------verified the title
20/4/2023, 8:43:50 pm----------------Clicked on Element item in homepage
20/4/2023, 8:43:52 pm----------------Clicked on Element item in homepage
20/4/2023, 8:43:53 pm----------------open the url
20/4/2023, 8:43:53 pm----------------verified the title
20/4/2023, 8:43:53 pm----------------Click on TextBox link on Element page
20/4/2023, 8:43:53 pm----------------Click on TextBox link on Element page
20/4/2023, 8:43:54 pm----------------Enter Full name
20/4/2023, 8:43:54 pm----------------Enter Full name
20/4/2023, 8:43:54 pm----------------Clicked on Element item in homepage
20/4/2023, 8:43:56 pm----------------Enter Email
20/4/2023, 8:43:56 pm----------------Enter Email
20/4/2023, 8:43:56 pm----------------Click on TextBox link on Element page
20/4/2023, 8:43:57 pm----------------Clicked on Element item in homepage
20/4/2023, 8:43:58 pm----------------Enter Curret Address
20/4/2023, 8:43:58 pm----------------Clicked on Element item in homepage
20/4/2023, 8:43:59 pm----------------Enter Curret Address
20/4/2023, 8:43:59 pm----------------Click on TextBox link on Element page
20/4/2023, 8:43:59 pm----------------Enter Full name
20/4/2023, 8:43:59 pm----------------Enter Email
20/4/2023, 8:43:59 pm----------------Enter Full name
20/4/2023, 8:44:00 pm----------------Click on TextBox link on Element page
20/4/2023, 8:44:01 pm----------------Enter Email
20/4/2023, 8:44:01 pm----------------Enter Full name
20/4/2023, 8:44:01 pm----------------Enter Curret Address
20/4/2023, 8:44:02 pm----------------Enter Curret Address
20/4/2023, 8:44:02 pm----------------Enter Email
20/4/2023, 8:44:03 pm----------------Enter Curret Address
21/4/2023, 11:25:29 am----------------open the url
21/4/2023, 11:25:29 am----------------verified the title
21/4/2023, 11:25:29 am----------------Clicked on Element item in homepage
21/4/2023, 11:25:30 am----------------Click on TextBox link on Element page
21/4/2023, 11:25:30 am----------------Enter Full name
21/4/2023, 11:25:30 am----------------Enter Email
21/4/2023, 11:25:31 am----------------Enter Curret Address
21/4/2023, 11:59:17 am----------------open the url
21/4/2023, 11:59:18 am----------------verified the title
21/4/2023, 11:59:19 am----------------Clicked on Element item in homepage
21/4/2023, 11:59:20 am----------------Click on TextBox link on Element page
21/4/2023, 11:59:20 am----------------Enter Full name
21/4/2023, 11:59:20 am----------------Enter Email
21/4/2023, 11:59:20 am----------------Enter Curret Address
21/4/2023, 4:02:05 pm----------------open the url
21/4/2023, 4:02:05 pm----------------verified the title
21/4/2023, 4:02:08 pm----------------Clicked on Element item in homepage
21/4/2023, 4:02:09 pm----------------Click on TextBox link on Element page
21/4/2023, 4:02:09 pm----------------Enter Full name
21/4/2023, 4:02:09 pm----------------Enter Email
21/4/2023, 4:02:10 pm----------------Enter Curret Address
24/4/2023, 12:46:54 pm----------------open the url
24/4/2023, 12:46:55 pm----------------verified the title
24/4/2023, 12:46:55 pm----------------Clicked on Element item in homepage
24/4/2023, 12:46:56 pm----------------Click on TextBox link on Element page
24/4/2023, 12:46:56 pm----------------Enter Full name
24/4/2023, 12:46:56 pm----------------Enter Email
24/4/2023, 12:46:56 pm----------------Enter Curret Address
24/4/2023, 12:59:13 pm----------------open the url
24/4/2023, 12:59:13 pm----------------verified the title
24/4/2023, 12:59:14 pm----------------Clicked on Element item in homepage
24/4/2023, 12:59:15 pm----------------Click on TextBox link on Element page
24/4/2023, 12:59:15 pm----------------Enter Full name
24/4/2023, 12:59:15 pm----------------Enter Email
24/4/2023, 12:59:15 pm----------------Enter Curret Address
24/4/2023, 3:03:44 pm----------------open the url
24/4/2023, 3:03:45 pm----------------verified the title
24/4/2023, 3:03:46 pm----------------Clicked on Element item in homepage
24/4/2023, 3:03:46 pm----------------Click on TextBox link on Element page
24/4/2023, 3:03:47 pm----------------Enter Full name
24/4/2023, 3:03:47 pm----------------Enter Email
24/4/2023, 3:03:47 pm----------------Enter Curret Address
24/4/2023, 4:01:58 pm----------------open the url
24/4/2023, 4:03:34 pm----------------open the url
24/4/2023, 4:04:27 pm----------------open the url
24/4/2023, 4:05:15 pm----------------open the url
24/4/2023, 4:06:04 pm----------------open the url
24/4/2023, 4:08:24 pm----------------open the url
24/4/2023, 4:09:09 pm----------------open the url
24/4/2023, 4:09:10 pm----------------Enter text
24/4/2023, 4:13:19 pm----------------open the url
24/4/2023, 4:14:35 pm----------------open the url
24/4/2023, 4:14:35 pm----------------verified the title
24/4/2023, 4:14:35 pm----------------Clicked on Element item in homepage
24/4/2023, 4:14:36 pm----------------Click on TextBox link on Element page
24/4/2023, 4:19:06 pm----------------open the url
24/4/2023, 4:19:06 pm----------------verified the title
24/4/2023, 4:19:07 pm----------------Clicked on Element item in homepage
24/4/2023, 4:19:07 pm----------------Click on TextBox link on Element page
24/4/2023, 4:19:07 pm----------------Enter Full name
24/4/2023, 4:19:07 pm----------------Enter Email
24/4/2023, 4:19:07 pm----------------Enter Curret Address
24/4/2023, 4:34:31 pm----------------open the url
24/4/2023, 4:36:43 pm----------------open the url
24/4/2023, 4:37:44 pm----------------open the url
24/4/2023, 4:38:53 pm----------------open the url
24/4/2023, 4:39:01 pm----------------open the url
24/4/2023, 4:39:01 pm----------------open the url
24/4/2023, 4:39:05 pm----------------open the url
24/4/2023, 4:39:08 pm----------------open the url
24/4/2023, 5:35:41 pm----------------open the url
24/4/2023, 5:35:41 pm----------------open the url
24/4/2023, 5:35:46 pm----------------open the url
24/4/2023, 5:35:52 pm----------------open the url
24/4/2023, 5:35:54 pm----------------open the url
24/4/2023, 5:41:21 pm----------------open the url
24/4/2023, 5:44:24 pm----------------open the url
24/4/2023, 5:48:07 pm----------------open the url
24/4/2023, 5:50:02 pm----------------open the url
24/4/2023, 5:50:47 pm----------------open the url
25/4/2023, 12:37:25 pm----------------open the url
25/4/2023, 4:44:46 pm----------------open google
25/4/2023, 4:44:46 pm----------------eneter selenium on textbox
25/4/2023, 4:44:47 pm----------------press enter button
25/4/2023, 4:44:48 pm----------------select search result
25/4/2023, 4:44:49 pm----------------click on about button
25/4/2023, 4:44:49 pm----------------selecte envet option
25/4/2023, 4:44:50 pm----------------click downloads button
25/4/2023, 4:45:20 pm----------------open google
25/4/2023, 4:45:21 pm----------------eneter selenium on textbox
25/4/2023, 4:45:25 pm----------------press enter button
25/4/2023, 4:45:28 pm----------------select search result
25/4/2023, 4:45:28 pm----------------open google
25/4/2023, 4:45:30 pm----------------open google
25/4/2023, 4:45:31 pm----------------eneter selenium on textbox
25/4/2023, 4:45:31 pm----------------press enter button
25/4/2023, 4:45:31 pm----------------eneter selenium on textbox
25/4/2023, 4:45:32 pm----------------click on about button
25/4/2023, 4:45:34 pm----------------press enter button
25/4/2023, 4:45:35 pm----------------select search result
25/4/2023, 4:45:37 pm----------------open google
25/4/2023, 4:45:39 pm----------------select search result
25/4/2023, 4:45:39 pm----------------eneter selenium on textbox
25/4/2023, 4:45:40 pm----------------click on about button
25/4/2023, 4:45:40 pm----------------click on about button
25/4/2023, 4:45:40 pm----------------press enter button
25/4/2023, 4:45:43 pm----------------selecte envet option
25/4/2023, 4:45:44 pm----------------selecte envet option
25/4/2023, 4:45:45 pm----------------open google
25/4/2023, 4:45:46 pm----------------select search result
25/4/2023, 4:45:47 pm----------------selecte envet option
25/4/2023, 4:45:47 pm----------------click downloads button
25/4/2023, 4:45:49 pm----------------eneter selenium on textbox
25/4/2023, 4:45:49 pm----------------click on about button
25/4/2023, 4:45:50 pm----------------click downloads button
25/4/2023, 4:45:50 pm----------------press enter button
25/4/2023, 4:45:51 pm----------------selecte envet option
25/4/2023, 4:45:52 pm----------------click downloads button
25/4/2023, 4:45:54 pm----------------click downloads button
25/4/2023, 5:03:04 pm----------------open google
25/4/2023, 5:03:06 pm----------------eneter selenium on textbox
25/4/2023, 5:03:06 pm----------------press enter button
25/4/2023, 5:03:09 pm----------------select search result
25/4/2023, 5:03:10 pm----------------click on about button
25/4/2023, 5:03:14 pm----------------selecte envet option
25/4/2023, 5:03:17 pm----------------open google
25/4/2023, 5:03:20 pm----------------click downloads button
25/4/2023, 5:03:20 pm----------------eneter selenium on textbox
25/4/2023, 5:03:20 pm----------------open google
25/4/2023, 5:03:22 pm----------------press enter button
25/4/2023, 5:03:24 pm----------------eneter selenium on textbox
25/4/2023, 5:03:24 pm----------------open google
25/4/2023, 5:03:25 pm----------------press enter button
25/4/2023, 5:03:27 pm----------------select search result
25/4/2023, 5:03:27 pm----------------eneter selenium on textbox
25/4/2023, 5:03:28 pm----------------press enter button
25/4/2023, 5:03:28 pm----------------click on about button
25/4/2023, 5:03:29 pm----------------open google
25/4/2023, 5:03:30 pm----------------select search result
25/4/2023, 5:03:30 pm----------------eneter selenium on textbox
25/4/2023, 5:03:31 pm----------------select search result
25/4/2023, 5:03:32 pm----------------press enter button
25/4/2023, 5:03:33 pm----------------selecte envet option
25/4/2023, 5:03:33 pm----------------click on about button
25/4/2023, 5:03:34 pm----------------click on about button
25/4/2023, 5:03:35 pm----------------click downloads button
25/4/2023, 5:03:36 pm----------------selecte envet option
25/4/2023, 5:03:36 pm----------------selecte envet option
25/4/2023, 5:03:40 pm----------------click downloads button
25/4/2023, 5:03:42 pm----------------click downloads button
25/4/2023, 5:22:54 pm----------------open google
25/4/2023, 5:22:54 pm----------------eneter selenium on textbox
25/4/2023, 5:22:55 pm----------------press enter button
25/4/2023, 5:22:57 pm----------------select search result
25/4/2023, 5:22:57 pm----------------click on about button
25/4/2023, 5:22:58 pm----------------selecte envet option
25/4/2023, 5:22:59 pm----------------click downloads button
25/4/2023, 5:24:58 pm----------------open google
25/4/2023, 5:24:58 pm----------------eneter selenium on textbox
25/4/2023, 5:24:58 pm----------------press enter button
25/4/2023, 5:25:00 pm----------------select search result
25/4/2023, 5:25:00 pm----------------click on about button
25/4/2023, 5:25:01 pm----------------selecte envet option
25/4/2023, 5:25:02 pm----------------click downloads button
25/4/2023, 5:27:12 pm----------------open google
25/4/2023, 5:27:13 pm----------------eneter selenium on textbox
25/4/2023, 5:27:13 pm----------------press enter button
25/4/2023, 5:27:15 pm----------------select search result
25/4/2023, 5:27:15 pm----------------click on about button
25/4/2023, 5:27:16 pm----------------selecte envet option
25/4/2023, 5:27:17 pm----------------click downloads button
25/4/2023, 5:29:14 pm----------------open google
25/4/2023, 5:29:14 pm----------------eneter selenium on textbox
25/4/2023, 5:29:15 pm----------------press enter button
25/4/2023, 5:29:17 pm----------------select search result
25/4/2023, 5:29:17 pm----------------click on about button
25/4/2023, 5:29:18 pm----------------selecte envet option
25/4/2023, 5:29:20 pm----------------click downloads button
25/4/2023, 5:29:24 pm----------------click dev button
25/4/2023, 5:29:25 pm----------------click 
26/4/2023, 12:53:04 pm----------------open google
26/4/2023, 12:53:04 pm----------------eneter selenium on textbox
26/4/2023, 12:53:04 pm----------------open google
26/4/2023, 12:53:05 pm----------------press enter button
26/4/2023, 12:53:06 pm----------------eneter selenium on textbox
26/4/2023, 12:53:07 pm----------------press enter button
26/4/2023, 12:53:15 pm----------------open google
26/4/2023, 12:53:16 pm----------------eneter selenium on textbox
26/4/2023, 12:53:16 pm----------------press enter button
26/4/2023, 12:53:26 pm----------------open google
26/4/2023, 12:53:26 pm----------------eneter selenium on textbox
26/4/2023, 12:53:27 pm----------------open google
26/4/2023, 12:53:27 pm----------------eneter selenium on textbox
26/4/2023, 12:53:27 pm----------------press enter button
26/4/2023, 12:53:28 pm----------------press enter button
26/4/2023, 12:53:31 pm----------------select search result
26/4/2023, 12:53:32 pm----------------select search result
26/4/2023, 12:53:32 pm----------------click on about button
26/4/2023, 12:53:33 pm----------------click on about button
26/4/2023, 12:53:34 pm----------------selecte envet option
26/4/2023, 12:53:34 pm----------------selecte envet option
26/4/2023, 12:53:37 pm----------------click downloads button
26/4/2023, 12:53:39 pm----------------click downloads button
26/4/2023, 12:53:45 pm----------------click dev button
26/4/2023, 12:53:46 pm----------------click 
26/4/2023, 12:53:48 pm----------------click dev button
26/4/2023, 12:53:49 pm----------------click 
26/4/2023, 12:54:26 pm----------------open google
26/4/2023, 12:54:26 pm----------------open google
26/4/2023, 12:54:26 pm----------------eneter selenium on textbox
26/4/2023, 12:54:27 pm----------------open google
26/4/2023, 12:54:28 pm----------------eneter selenium on textbox
26/4/2023, 12:54:29 pm----------------press enter button
26/4/2023, 12:54:29 pm----------------press enter button
26/4/2023, 12:54:31 pm----------------eneter selenium on textbox
26/4/2023, 12:54:32 pm----------------press enter button
26/4/2023, 12:54:35 pm----------------select search result
26/4/2023, 12:54:35 pm----------------open google
26/4/2023, 12:54:35 pm----------------select search result
26/4/2023, 12:54:37 pm----------------open google
26/4/2023, 12:54:37 pm----------------click on about button
26/4/2023, 12:54:38 pm----------------click on about button
26/4/2023, 12:54:38 pm----------------eneter selenium on textbox
26/4/2023, 12:54:39 pm----------------press enter button
26/4/2023, 12:54:39 pm----------------selecte envet option
26/4/2023, 12:54:40 pm----------------eneter selenium on textbox
26/4/2023, 12:54:40 pm----------------selecte envet option
26/4/2023, 12:54:41 pm----------------press enter button
26/4/2023, 12:54:43 pm----------------click downloads button
26/4/2023, 12:54:44 pm----------------click downloads button
26/4/2023, 12:54:45 pm----------------select search result
26/4/2023, 12:54:45 pm----------------click on about button
26/4/2023, 12:54:46 pm----------------select search result
26/4/2023, 12:54:47 pm----------------selecte envet option
26/4/2023, 12:54:50 pm----------------click on about button
26/4/2023, 12:54:52 pm----------------click downloads button
26/4/2023, 12:54:56 pm----------------selecte envet option
26/4/2023, 12:54:57 pm----------------click dev button
26/4/2023, 12:54:59 pm----------------click 
26/4/2023, 12:55:02 pm----------------click dev button
26/4/2023, 12:55:02 pm----------------click dev button
26/4/2023, 12:55:04 pm----------------click 
26/4/2023, 12:55:05 pm----------------click downloads button
26/4/2023, 12:55:08 pm----------------click 
26/4/2023, 12:55:11 pm----------------click dev button
26/4/2023, 12:55:11 pm----------------click 
26/4/2023, 12:56:28 pm----------------open google
26/4/2023, 12:56:28 pm----------------eneter selenium on textbox
26/4/2023, 12:56:30 pm----------------press enter button
26/4/2023, 12:56:35 pm----------------select search result
26/4/2023, 12:56:35 pm----------------open google
26/4/2023, 12:56:36 pm----------------eneter selenium on textbox
26/4/2023, 12:56:37 pm----------------press enter button
26/4/2023, 12:56:38 pm----------------click on about button
26/4/2023, 12:56:40 pm----------------selecte envet option
26/4/2023, 12:56:44 pm----------------open google
26/4/2023, 12:56:46 pm----------------click downloads button
26/4/2023, 12:56:47 pm----------------select search result
26/4/2023, 12:56:49 pm----------------eneter selenium on textbox
26/4/2023, 12:56:52 pm----------------press enter button
26/4/2023, 12:56:52 pm----------------open google
26/4/2023, 12:56:53 pm----------------click on about button
26/4/2023, 12:56:56 pm----------------selecte envet option
26/4/2023, 12:56:57 pm----------------open google
26/4/2023, 12:56:58 pm----------------eneter selenium on textbox
26/4/2023, 12:56:58 pm----------------eneter selenium on textbox
26/4/2023, 12:56:59 pm----------------select search result
26/4/2023, 12:56:59 pm----------------press enter button
26/4/2023, 12:57:00 pm----------------press enter button
26/4/2023, 12:57:01 pm----------------click dev button
26/4/2023, 12:57:02 pm----------------click on about button
26/4/2023, 12:57:05 pm----------------click 
26/4/2023, 12:57:06 pm----------------select search result
26/4/2023, 12:57:07 pm----------------click on about button
26/4/2023, 12:57:08 pm----------------click downloads button
26/4/2023, 12:57:09 pm----------------selecte envet option
26/4/2023, 12:57:09 pm----------------selecte envet option
26/4/2023, 12:57:09 pm----------------select search result
26/4/2023, 12:57:12 pm----------------click downloads button
26/4/2023, 12:57:14 pm----------------click on about button
26/4/2023, 12:57:16 pm----------------click downloads button
26/4/2023, 12:57:20 pm----------------selecte envet option
26/4/2023, 12:57:23 pm----------------click dev button
26/4/2023, 12:57:23 pm----------------click downloads button
26/4/2023, 12:57:25 pm----------------click 
26/4/2023, 12:57:26 pm----------------click dev button
26/4/2023, 12:57:28 pm----------------click 
26/4/2023, 12:57:31 pm----------------click dev button
26/4/2023, 12:57:35 pm----------------click 
26/4/2023, 12:57:40 pm----------------click dev button
26/4/2023, 12:57:43 pm----------------click 
26/4/2023, 12:58:35 pm----------------open google
26/4/2023, 12:58:35 pm----------------eneter selenium on textbox
26/4/2023, 12:58:35 pm----------------press enter button
26/4/2023, 12:58:38 pm----------------select search result
26/4/2023, 12:58:38 pm----------------click on about button
26/4/2023, 12:58:39 pm----------------selecte envet option
26/4/2023, 12:58:41 pm----------------click downloads button
26/4/2023, 12:58:48 pm----------------open google
26/4/2023, 12:58:48 pm----------------eneter selenium on textbox
26/4/2023, 12:58:49 pm----------------press enter button
26/4/2023, 12:58:50 pm----------------click dev button
26/4/2023, 12:58:51 pm----------------click 
26/4/2023, 12:58:52 pm----------------select search result
26/4/2023, 12:58:53 pm----------------click on about button
26/4/2023, 12:58:54 pm----------------selecte envet option
26/4/2023, 12:59:00 pm----------------click downloads button
26/4/2023, 12:59:07 pm----------------open google
26/4/2023, 12:59:08 pm----------------eneter selenium on textbox
26/4/2023, 12:59:08 pm----------------press enter button
26/4/2023, 12:59:09 pm----------------click dev button
26/4/2023, 12:59:16 pm----------------select search result
26/4/2023, 12:59:16 pm----------------open google
26/4/2023, 12:59:17 pm----------------click 
26/4/2023, 12:59:17 pm----------------eneter selenium on textbox
26/4/2023, 12:59:17 pm----------------press enter button
26/4/2023, 12:59:20 pm----------------click on about button
26/4/2023, 12:59:20 pm----------------select search result
26/4/2023, 12:59:24 pm----------------open google
26/4/2023, 12:59:24 pm----------------eneter selenium on textbox
26/4/2023, 12:59:26 pm----------------press enter button
26/4/2023, 12:59:27 pm----------------selecte envet option
26/4/2023, 12:59:28 pm----------------click on about button
26/4/2023, 12:59:32 pm----------------select search result
26/4/2023, 12:59:36 pm----------------click on about button
26/4/2023, 12:59:34 pm----------------click downloads button
26/4/2023, 12:59:41 pm----------------selecte envet option
26/4/2023, 12:59:41 pm----------------open google
26/4/2023, 12:59:47 pm----------------open google
26/4/2023, 12:59:47 pm----------------eneter selenium on textbox
26/4/2023, 12:59:48 pm----------------press enter button
26/4/2023, 12:59:50 pm----------------selecte envet option
26/4/2023, 12:59:57 pm----------------eneter selenium on textbox
26/4/2023, 12:59:57 pm----------------select search result
26/4/2023, 12:59:59 pm----------------press enter button
26/4/2023, 12:59:59 pm----------------click downloads button
26/4/2023, 1:00:00 pm----------------click downloads button
26/4/2023, 1:00:05 pm----------------click dev button
26/4/2023, 1:00:06 pm----------------open google
26/4/2023, 1:00:06 pm----------------eneter selenium on textbox
26/4/2023, 1:00:09 pm----------------select search result
26/4/2023, 1:00:09 pm----------------press enter button
26/4/2023, 1:00:10 pm----------------click on about button
26/4/2023, 1:00:19 pm----------------select search result
26/4/2023, 1:00:20 pm----------------selecte envet option
26/4/2023, 1:00:23 pm----------------click 
26/4/2023, 1:00:26 pm----------------open google
26/4/2023, 1:00:27 pm----------------click on about button
26/4/2023, 1:00:28 pm----------------click dev button
26/4/2023, 1:00:28 pm----------------click on about button
26/4/2023, 1:00:29 pm----------------click dev button
26/4/2023, 1:00:30 pm----------------open google
26/4/2023, 1:00:30 pm----------------eneter selenium on textbox
26/4/2023, 1:00:30 pm----------------eneter selenium on textbox
26/4/2023, 1:00:30 pm----------------click downloads button
26/4/2023, 1:00:31 pm----------------press enter button
26/4/2023, 1:00:33 pm----------------click 
26/4/2023, 1:00:37 pm----------------press enter button
26/4/2023, 1:00:38 pm----------------click 
26/4/2023, 1:00:44 pm----------------selecte envet option
26/4/2023, 1:00:46 pm----------------selecte envet option
26/4/2023, 1:01:00 pm----------------click downloads button
26/4/2023, 1:01:01 pm----------------click downloads button
26/4/2023, 1:01:05 pm----------------click dev button
26/4/2023, 1:01:08 pm----------------click 
26/4/2023, 1:01:14 pm----------------click dev button
26/4/2023, 1:01:15 pm----------------click 
26/4/2023, 1:01:17 pm----------------click dev button
26/4/2023, 1:01:18 pm----------------click 
26/4/2023, 1:02:12 pm----------------open google
26/4/2023, 1:02:13 pm----------------eneter selenium on textbox
26/4/2023, 1:02:14 pm----------------press enter button
26/4/2023, 1:02:16 pm----------------select search result
26/4/2023, 1:02:16 pm----------------click on about button
26/4/2023, 1:02:19 pm----------------selecte envet option
26/4/2023, 1:02:21 pm----------------click downloads button
26/4/2023, 1:02:28 pm----------------open google
26/4/2023, 1:02:28 pm----------------click dev button
26/4/2023, 1:02:28 pm----------------eneter selenium on textbox
26/4/2023, 1:02:28 pm----------------press enter button
26/4/2023, 1:02:32 pm----------------select search result
26/4/2023, 1:02:32 pm----------------click 
26/4/2023, 1:02:32 pm----------------click on about button
26/4/2023, 1:02:33 pm----------------selecte envet option
26/4/2023, 1:02:36 pm----------------click downloads button
26/4/2023, 1:02:44 pm----------------open google
26/4/2023, 1:02:44 pm----------------eneter selenium on textbox
26/4/2023, 1:02:44 pm----------------press enter button
26/4/2023, 1:02:45 pm----------------click dev button
26/4/2023, 1:02:46 pm----------------click 
26/4/2023, 1:02:47 pm----------------select search result
26/4/2023, 1:02:47 pm----------------click on about button
26/4/2023, 1:02:50 pm----------------selecte envet option
26/4/2023, 1:02:55 pm----------------click downloads button
26/4/2023, 1:02:58 pm----------------open google
26/4/2023, 1:02:58 pm----------------eneter selenium on textbox
26/4/2023, 1:02:59 pm----------------press enter button
26/4/2023, 1:03:07 pm----------------open google
26/4/2023, 1:03:08 pm----------------eneter selenium on textbox
26/4/2023, 1:03:09 pm----------------press enter button
26/4/2023, 1:03:11 pm----------------click dev button
26/4/2023, 1:03:11 pm----------------select search result
26/4/2023, 1:03:12 pm----------------click 
26/4/2023, 1:03:12 pm----------------click on about button
26/4/2023, 1:03:13 pm----------------selecte envet option
26/4/2023, 1:03:18 pm----------------click downloads button
26/4/2023, 1:03:21 pm----------------open google
26/4/2023, 1:03:21 pm----------------eneter selenium on textbox
26/4/2023, 1:03:22 pm----------------press enter button
26/4/2023, 1:03:25 pm----------------select search result
26/4/2023, 1:03:26 pm----------------click on about button
26/4/2023, 1:03:27 pm----------------selecte envet option
26/4/2023, 1:03:32 pm----------------open google
26/4/2023, 1:03:32 pm----------------eneter selenium on textbox
26/4/2023, 1:03:33 pm----------------press enter button
26/4/2023, 1:03:36 pm----------------click downloads button
26/4/2023, 1:03:36 pm----------------select search result
26/4/2023, 1:03:37 pm----------------click on about button
26/4/2023, 1:03:38 pm----------------selecte envet option
26/4/2023, 1:03:40 pm----------------click downloads button
26/4/2023, 1:03:47 pm----------------click dev button
26/4/2023, 1:03:49 pm----------------click dev button
26/4/2023, 1:03:50 pm----------------click 
26/4/2023, 1:03:52 pm----------------click 
26/4/2023, 1:03:57 pm----------------open google
26/4/2023, 1:03:57 pm----------------eneter selenium on textbox
26/4/2023, 1:03:58 pm----------------press enter button
26/4/2023, 1:04:01 pm----------------click dev button
26/4/2023, 1:04:06 pm----------------select search result
26/4/2023, 1:04:06 pm----------------open google
26/4/2023, 1:04:06 pm----------------eneter selenium on textbox
26/4/2023, 1:04:07 pm----------------press enter button
26/4/2023, 1:04:07 pm----------------click 
26/4/2023, 1:04:09 pm----------------click on about button
26/4/2023, 1:04:13 pm----------------selecte envet option
26/4/2023, 1:04:13 pm----------------select search result
26/4/2023, 1:04:15 pm----------------open google
26/4/2023, 1:04:15 pm----------------eneter selenium on textbox
26/4/2023, 1:04:16 pm----------------press enter button
26/4/2023, 1:04:16 pm----------------click on about button
26/4/2023, 1:04:19 pm----------------click downloads button
26/4/2023, 1:04:19 pm----------------selecte envet option
26/4/2023, 1:04:21 pm----------------select search result
26/4/2023, 1:04:22 pm----------------click on about button
26/4/2023, 1:04:23 pm----------------selecte envet option
26/4/2023, 1:04:26 pm----------------click downloads button
26/4/2023, 1:04:28 pm----------------click dev button
26/4/2023, 1:04:29 pm----------------click 
26/4/2023, 1:04:31 pm----------------click downloads button
26/4/2023, 1:04:38 pm----------------click dev button
26/4/2023, 1:04:39 pm----------------click 
26/4/2023, 1:04:41 pm----------------click dev button
26/4/2023, 1:04:42 pm----------------click 
